build/app/intermediates/proguard-rules/release/aapt_rules.txt
# Referenced at merged_manifests/release/AndroidManifest.xml:25
-keep class androidx.core.app.CoreComponentFactory { <init>(); }
# Referenced at merged_manifests/release/AndroidManifest.xml:30
-keep class com.example.Alaswaq.MainActivity { <init>(); }
# Referenced at merged_manifests/release/AndroidManifest.xml:25
-keep class io.flutter.app.FlutterApplication { <init>(); }
# Referenced at merged_manifests/release/AndroidManifest.xml:72
-keep class io.flutter.plugins.urllauncher.WebViewActivity { <init>(); }