build/app/outputs/mapping/release/mapping.txt
# compiler: R8
# compiler_version: 1.5.64
# min_api: 16
# pg_map_id: bd493d3
...
io.flutter.embedding.engine.dart.PlatformMessageHandler -> io.flutter.embedding.engine.e.c:
    void handleMessageFromDart(java.lang.String,byte[],int) -> a
    void handlePlatformMessageResponse(int,byte[]) -> a
io.flutter.embedding.engine.loader.FlutterLoader -> io.flutter.embedding.engine.f.a:
    java.lang.String PUBLIC_VM_SNAPSHOT_DATA_KEY -> g
    java.lang.String PUBLIC_AOT_SHARED_LIBRARY_NAME -> f
    java.lang.String PUBLIC_FLUTTER_ASSETS_DIR_KEY -> i
    java.lang.String PUBLIC_ISOLATE_SNAPSHOT_DATA_KEY -> h
    io.flutter.embedding.engine.loader.FlutterLoader instance -> j
    io.flutter.embedding.engine.loader.ResourceExtractor resourceExtractor -> d
    io.flutter.embedding.engine.loader.FlutterLoader$Settings settings -> e
    java.lang.String aotSharedLibraryName -> a
    java.lang.String flutterAssetsDir -> b
    boolean initialized -> c
    void ensureInitializationComplete(android.content.Context,java.lang.String[]) -> a
    java.lang.String findAppBundlePath() -> a
    void startInitialization(android.content.Context) -> a
    void startInitialization(android.content.Context,io.flutter.embedding.engine.loader.FlutterLoader$Settings) -> a
    android.content.pm.ApplicationInfo getApplicationInfo(android.content.Context) -> b
    io.flutter.embedding.engine.loader.FlutterLoader getInstance() -> b
    void initConfig(android.content.Context) -> c
    void initResources(android.content.Context) -> d
io.flutter.embedding.engine.loader.FlutterLoader$Settings -> io.flutter.embedding.engine.f.a$a:
    java.lang.String logTag -> a
    java.lang.String getLogTag() -> a
io.flutter.embedding.engine.loader.ResourceCleaner -> io.flutter.embedding.engine.f.b:
    android.content.Context mContext -> a
    void start() -> a
io.flutter.embedding.engine.loader.ResourceCleaner$1 -> io.flutter.embedding.engine.f.b$a:
io.flutter.embedding.engine.loader.ResourceCleaner$2 -> io.flutter.embedding.engine.f.b$b:
    io.flutter.embedding.engine.loader.ResourceCleaner$CleanTask val$task -> a
io.flutter.embedding.engine.loader.ResourceCleaner$CleanTask -> io.flutter.embedding.engine.f.b$c:
    java.io.File[] mFilesToDelete -> a
    void deleteRecursively(java.io.File) -> a
    java.lang.Void doInBackground(java.lang.Void[]) -> a
    boolean hasFilesToDelete() -> a
io.flutter.embedding.engine.loader.ResourceExtractor -> io.flutter.embedding.engine.f.c:
    void waitForCompletion() -> a
    java.lang.String[] getSupportedAbis() -> b
io.flutter.embedding.engine.plugins.FlutterPlugin -> io.flutter.embedding.engine.g.a:
    void onDetachedFromEngine(io.flutter.embedding.engine.plugins.FlutterPlugin$FlutterPluginBinding) -> a
    void onAttachedToEngine(io.flutter.embedding.engine.plugins.FlutterPlugin$FlutterPluginBinding) -> b
io.flutter.embedding.engine.plugins.FlutterPlugin$FlutterAssets -> io.flutter.embedding.engine.g.a$a:
io.flutter.embedding.engine.plugins.FlutterPlugin$FlutterPluginBinding -> io.flutter.embedding.engine.g.a$b:
    android.content.Context applicationContext -> a
    io.flutter.embedding.engine.FlutterEngine flutterEngine -> b
    io.flutter.plugin.common.BinaryMessenger binaryMessenger -> c
    android.content.Context getApplicationContext() -> a
    io.flutter.plugin.common.BinaryMessenger getBinaryMessenger() -> b
    io.flutter.embedding.engine.FlutterEngine getFlutterEngine() -> c
io.flutter.embedding.engine.plugins.PluginRegistry -> io.flutter.embedding.engine.g.b:
    void add(io.flutter.embedding.engine.plugins.FlutterPlugin) -> a
io.flutter.embedding.engine.plugins.activity.ActivityAware -> io.flutter.embedding.engine.g.c.a:
    void onAttachedToActivity(io.flutter.embedding.engine.plugins.activity.ActivityPluginBinding) -> a
    void onDetachedFromActivity() -> a
    void onDetachedFromActivityForConfigChanges() -> b
    void onReattachedToActivityForConfigChanges(io.flutter.embedding.engine.plugins.activity.ActivityPluginBinding) -> b